[INFO ] 2021-05-24 11:19:53.291 [main] CampApiApplication - Hello this is an info message
[ERROR] 2021-05-24 11:19:53.342 [main] CampApiApplication - Error Message Logged !!!
java.lang.NullPointerException: NullError
	at com.camp.campApi.CampApiApplication.main(CampApiApplication.java:21) [classes/:?]
[INFO ] 2021-05-24 11:19:54.908 [restartedMain] CampApiApplication - Hello this is an info message
[ERROR] 2021-05-24 11:19:54.909 [restartedMain] CampApiApplication - Error Message Logged !!!
java.lang.NullPointerException: NullError
	at com.camp.campApi.CampApiApplication.main(CampApiApplication.java:21) [classes/:?]
	at jdk.internal.reflect.NativeMethodAccessorImpl.invoke0(Native Method) ~[?:?]
	at jdk.internal.reflect.NativeMethodAccessorImpl.invoke(NativeMethodAccessorImpl.java:62) ~[?:?]
	at jdk.internal.reflect.DelegatingMethodAccessorImpl.invoke(DelegatingMethodAccessorImpl.java:43) ~[?:?]
	at java.lang.reflect.Method.invoke(Method.java:567) ~[?:?]
	at org.springframework.boot.devtools.restart.RestartLauncher.run(RestartLauncher.java:49) [spring-boot-devtools-2.4.2.jar:2.4.2]
[INFO ] 2021-05-24 11:19:55.655 [background-preinit] Version - HV000001: Hibernate Validator 6.1.7.Final
[INFO ] 2021-05-24 11:19:55.708 [restartedMain] CampApiApplication - Starting CampApiApplication using Java 12.0.1 on network4 with PID 22548 (J:\jav\campApi\target\classes started by m.bandpey in J:\jav\campApi)
[INFO ] 2021-05-24 11:19:55.717 [restartedMain] CampApiApplication - No active profile set, falling back to default profiles: default
[INFO ] 2021-05-24 11:19:55.778 [restartedMain] DevToolsPropertyDefaultsPostProcessor - Devtools property defaults active! Set 'spring.devtools.add-properties' to 'false' to disable
[INFO ] 2021-05-24 11:19:55.778 [restartedMain] DevToolsPropertyDefaultsPostProcessor - For additional web related logging consider setting the 'logging.level.web' property to 'DEBUG'
[INFO ] 2021-05-24 11:19:57.180 [restartedMain] RepositoryConfigurationDelegate - Multiple Spring Data modules found, entering strict repository configuration mode!
[INFO ] 2021-05-24 11:19:57.181 [restartedMain] RepositoryConfigurationDelegate - Bootstrapping Spring Data JDBC repositories in DEFAULT mode.
[INFO ] 2021-05-24 11:19:57.275 [restartedMain] RepositoryConfigurationExtensionSupport - Spring Data JDBC - Could not safely identify store assignment for repository candidate interface com.camp.campApi.modules.places.repository.ChildPlaceRepo. If you want this repository to be a JDBC repository, consider annotating your entities with one of these annotations: org.springframework.data.relational.core.mapping.Table.
[INFO ] 2021-05-24 11:19:57.280 [restartedMain] RepositoryConfigurationExtensionSupport - Spring Data JDBC - Could not safely identify store assignment for repository candidate interface com.camp.campApi.modules.places.repository.PlaceRepo. If you want this repository to be a JDBC repository, consider annotating your entities with one of these annotations: org.springframework.data.relational.core.mapping.Table.
[INFO ] 2021-05-24 11:19:57.286 [restartedMain] RepositoryConfigurationExtensionSupport - Spring Data JDBC - Could not safely identify store assignment for repository candidate interface com.camp.campApi.modules.users.repository.RoleRepo. If you want this repository to be a JDBC repository, consider annotating your entities with one of these annotations: org.springframework.data.relational.core.mapping.Table.
[INFO ] 2021-05-24 11:19:57.290 [restartedMain] RepositoryConfigurationExtensionSupport - Spring Data JDBC - Could not safely identify store assignment for repository candidate interface com.camp.campApi.modules.users.repository.UserRepo. If you want this repository to be a JDBC repository, consider annotating your entities with one of these annotations: org.springframework.data.relational.core.mapping.Table.
[INFO ] 2021-05-24 11:19:57.291 [restartedMain] RepositoryConfigurationDelegate - Finished Spring Data repository scanning in 104 ms. Found 0 JDBC repository interfaces.
[INFO ] 2021-05-24 11:19:57.314 [restartedMain] RepositoryConfigurationDelegate - Multiple Spring Data modules found, entering strict repository configuration mode!
[INFO ] 2021-05-24 11:19:57.315 [restartedMain] RepositoryConfigurationDelegate - Bootstrapping Spring Data JPA repositories in DEFAULT mode.
[INFO ] 2021-05-24 11:19:57.423 [restartedMain] RepositoryConfigurationDelegate - Finished Spring Data repository scanning in 101 ms. Found 4 JPA repository interfaces.
[INFO ] 2021-05-24 11:19:58.083 [restartedMain] PostProcessorRegistrationDelegate$BeanPostProcessorChecker - Bean 'org.springframework.security.access.expression.method.DefaultMethodSecurityExpressionHandler@40bf2470' of type [org.springframework.security.access.expression.method.DefaultMethodSecurityExpressionHandler] is not eligible for getting processed by all BeanPostProcessors (for example: not eligible for auto-proxying)
[INFO ] 2021-05-24 11:19:58.090 [restartedMain] PostProcessorRegistrationDelegate$BeanPostProcessorChecker - Bean 'methodSecurityMetadataSource' of type [org.springframework.security.access.method.DelegatingMethodSecurityMetadataSource] is not eligible for getting processed by all BeanPostProcessors (for example: not eligible for auto-proxying)
[INFO ] 2021-05-24 11:19:58.588 [restartedMain] TomcatWebServer - Tomcat initialized with port(s): 8085 (http)
[INFO ] 2021-05-24 11:19:58.598 [restartedMain] Http11NioProtocol - Initializing ProtocolHandler ["http-nio-8085"]
[INFO ] 2021-05-24 11:19:58.598 [restartedMain] StandardService - Starting service [Tomcat]
[INFO ] 2021-05-24 11:19:58.600 [restartedMain] StandardEngine - Starting Servlet engine: [Apache Tomcat/9.0.41]
[INFO ] 2021-05-24 11:19:59.098 [restartedMain] [/] - Initializing Spring embedded WebApplicationContext
[INFO ] 2021-05-24 11:19:59.098 [restartedMain] ServletWebServerApplicationContext - Root WebApplicationContext: initialization completed in 3318 ms
[INFO ] 2021-05-24 11:19:59.362 [restartedMain] LogHelper - HHH000204: Processing PersistenceUnitInfo [name: default]
[INFO ] 2021-05-24 11:19:59.443 [restartedMain] Version - HHH000412: Hibernate ORM core version 5.4.27.Final
[INFO ] 2021-05-24 11:19:59.624 [restartedMain] Version - HCANN000001: Hibernate Commons Annotations {5.1.2.Final}
[INFO ] 2021-05-24 11:19:59.753 [restartedMain] HikariDataSource - HikariPool-1 - Starting...
[INFO ] 2021-05-24 11:20:00.039 [restartedMain] HikariDataSource - HikariPool-1 - Start completed.
[INFO ] 2021-05-24 11:20:00.057 [restartedMain] Dialect - HHH000400: Using dialect: org.hibernate.dialect.MySQL8Dialect
[INFO ] 2021-05-24 11:20:01.729 [restartedMain] JtaPlatformInitiator - HHH000490: Using JtaPlatform implementation: [org.hibernate.engine.transaction.jta.platform.internal.NoJtaPlatform]
[INFO ] 2021-05-24 11:20:01.739 [restartedMain] LocalContainerEntityManagerFactoryBean - Initialized JPA EntityManagerFactory for persistence unit 'default'
[INFO ] 2021-05-24 11:20:01.820 [restartedMain] OptionalLiveReloadServer - LiveReload server is running on port 35729
[WARN ] 2021-05-24 11:20:03.538 [restartedMain] JpaBaseConfiguration$JpaWebConfiguration - spring.jpa.open-in-view is enabled by default. Therefore, database queries may be performed during view rendering. Explicitly configure spring.jpa.open-in-view to disable this warning
[INFO ] 2021-05-24 11:20:04.194 [restartedMain] DefaultSecurityFilterChain - Will secure any request with [org.springframework.security.web.context.request.async.WebAsyncManagerIntegrationFilter@4537f45e, org.springframework.security.web.context.SecurityContextPersistenceFilter@5d320e6e, org.springframework.security.web.header.HeaderWriterFilter@114d7f5b, org.springframework.security.web.authentication.logout.LogoutFilter@348cdb45, com.camp.campApi.security.JwtAuthorization@3a96f856, com.camp.campApi.security.JwtAuthentication@35a53552, org.springframework.security.web.savedrequest.RequestCacheAwareFilter@19794031, org.springframework.security.web.servletapi.SecurityContextHolderAwareRequestFilter@1693a5ce, org.springframework.security.web.authentication.AnonymousAuthenticationFilter@47795f81, org.springframework.security.web.session.SessionManagementFilter@5d5b3190, org.springframework.security.web.access.ExceptionTranslationFilter@66773573, org.springframework.security.web.access.intercept.FilterSecurityInterceptor@363b437f]
[INFO ] 2021-05-24 11:20:04.354 [restartedMain] ThreadPoolTaskExecutor - Initializing ExecutorService 'applicationTaskExecutor'
[INFO ] 2021-05-24 11:20:05.171 [restartedMain] Http11NioProtocol - Starting ProtocolHandler ["http-nio-8085"]
[INFO ] 2021-05-24 11:20:05.540 [restartedMain] TomcatWebServer - Tomcat started on port(s): 8085 (http) with context path ''
[INFO ] 2021-05-24 11:20:05.557 [restartedMain] CampApiApplication - Started CampApiApplication in 10.449 seconds (JVM running for 15.902)
[INFO ] 2021-05-24 11:20:22.972 [http-nio-8085-exec-1] [/] - Initializing Spring DispatcherServlet 'dispatcherServlet'
[INFO ] 2021-05-24 11:20:22.972 [http-nio-8085-exec-1] DispatcherServlet - Initializing Servlet 'dispatcherServlet'
[INFO ] 2021-05-24 11:20:22.974 [http-nio-8085-exec-1] DispatcherServlet - Completed initialization in 2 ms
[INFO ] 2021-05-24 11:21:31.495 [main] CampApiApplication - Hello this is an info message
[ERROR] 2021-05-24 11:21:31.505 [main] CampApiApplication - Error Message Logged !!!
java.lang.NullPointerException: NullError
	at com.camp.campApi.CampApiApplication.main(CampApiApplication.java:21) [classes/:?]
[INFO ] 2021-05-24 11:21:32.889 [restartedMain] CampApiApplication - Hello this is an info message
[ERROR] 2021-05-24 11:21:32.889 [restartedMain] CampApiApplication - Error Message Logged !!!
java.lang.NullPointerException: NullError
	at com.camp.campApi.CampApiApplication.main(CampApiApplication.java:21) [classes/:?]
	at jdk.internal.reflect.NativeMethodAccessorImpl.invoke0(Native Method) ~[?:?]
	at jdk.internal.reflect.NativeMethodAccessorImpl.invoke(NativeMethodAccessorImpl.java:62) ~[?:?]
	at jdk.internal.reflect.DelegatingMethodAccessorImpl.invoke(DelegatingMethodAccessorImpl.java:43) ~[?:?]
	at java.lang.reflect.Method.invoke(Method.java:567) ~[?:?]
	at org.springframework.boot.devtools.restart.RestartLauncher.run(RestartLauncher.java:49) [spring-boot-devtools-2.4.2.jar:2.4.2]
[INFO ] 2021-05-24 11:21:33.466 [background-preinit] Version - HV000001: Hibernate Validator 6.1.7.Final
[INFO ] 2021-05-24 11:21:33.512 [restartedMain] CampApiApplication - Starting CampApiApplication using Java 12.0.1 on network4 with PID 29584 (J:\jav\campApi\target\classes started by m.bandpey in J:\jav\campApi)
[INFO ] 2021-05-24 11:21:33.516 [restartedMain] CampApiApplication - No active profile set, falling back to default profiles: default
[INFO ] 2021-05-24 11:21:33.583 [restartedMain] DevToolsPropertyDefaultsPostProcessor - Devtools property defaults active! Set 'spring.devtools.add-properties' to 'false' to disable
[INFO ] 2021-05-24 11:21:33.584 [restartedMain] DevToolsPropertyDefaultsPostProcessor - For additional web related logging consider setting the 'logging.level.web' property to 'DEBUG'
[INFO ] 2021-05-24 11:21:34.759 [restartedMain] RepositoryConfigurationDelegate - Multiple Spring Data modules found, entering strict repository configuration mode!
[INFO ] 2021-05-24 11:21:34.759 [restartedMain] RepositoryConfigurationDelegate - Bootstrapping Spring Data JDBC repositories in DEFAULT mode.
[INFO ] 2021-05-24 11:21:34.838 [restartedMain] RepositoryConfigurationExtensionSupport - Spring Data JDBC - Could not safely identify store assignment for repository candidate interface com.camp.campApi.modules.places.repository.ChildPlaceRepo. If you want this repository to be a JDBC repository, consider annotating your entities with one of these annotations: org.springframework.data.relational.core.mapping.Table.
[INFO ] 2021-05-24 11:21:34.843 [restartedMain] RepositoryConfigurationExtensionSupport - Spring Data JDBC - Could not safely identify store assignment for repository candidate interface com.camp.campApi.modules.places.repository.PlaceRepo. If you want this repository to be a JDBC repository, consider annotating your entities with one of these annotations: org.springframework.data.relational.core.mapping.Table.
[INFO ] 2021-05-24 11:21:34.847 [restartedMain] RepositoryConfigurationExtensionSupport - Spring Data JDBC - Could not safely identify store assignment for repository candidate interface com.camp.campApi.modules.users.repository.RoleRepo. If you want this repository to be a JDBC repository, consider annotating your entities with one of these annotations: org.springframework.data.relational.core.mapping.Table.
[INFO ] 2021-05-24 11:21:34.851 [restartedMain] RepositoryConfigurationExtensionSupport - Spring Data JDBC - Could not safely identify store assignment for repository candidate interface com.camp.campApi.modules.users.repository.UserRepo. If you want this repository to be a JDBC repository, consider annotating your entities with one of these annotations: org.springframework.data.relational.core.mapping.Table.
[INFO ] 2021-05-24 11:21:34.852 [restartedMain] RepositoryConfigurationDelegate - Finished Spring Data repository scanning in 85 ms. Found 0 JDBC repository interfaces.
[INFO ] 2021-05-24 11:21:34.867 [restartedMain] RepositoryConfigurationDelegate - Multiple Spring Data modules found, entering strict repository configuration mode!
[INFO ] 2021-05-24 11:21:34.867 [restartedMain] RepositoryConfigurationDelegate - Bootstrapping Spring Data JPA repositories in DEFAULT mode.
[INFO ] 2021-05-24 11:21:34.952 [restartedMain] RepositoryConfigurationDelegate - Finished Spring Data repository scanning in 79 ms. Found 4 JPA repository interfaces.
[INFO ] 2021-05-24 11:21:35.534 [restartedMain] PostProcessorRegistrationDelegate$BeanPostProcessorChecker - Bean 'org.springframework.security.access.expression.method.DefaultMethodSecurityExpressionHandler@2bcd2c30' of type [org.springframework.security.access.expression.method.DefaultMethodSecurityExpressionHandler] is not eligible for getting processed by all BeanPostProcessors (for example: not eligible for auto-proxying)
[INFO ] 2021-05-24 11:21:35.541 [restartedMain] PostProcessorRegistrationDelegate$BeanPostProcessorChecker - Bean 'methodSecurityMetadataSource' of type [org.springframework.security.access.method.DelegatingMethodSecurityMetadataSource] is not eligible for getting processed by all BeanPostProcessors (for example: not eligible for auto-proxying)
[INFO ] 2021-05-24 11:21:36.017 [restartedMain] TomcatWebServer - Tomcat initialized with port(s): 8085 (http)
[INFO ] 2021-05-24 11:21:36.027 [restartedMain] Http11NioProtocol - Initializing ProtocolHandler ["http-nio-8085"]
[INFO ] 2021-05-24 11:21:36.028 [restartedMain] StandardService - Starting service [Tomcat]
[INFO ] 2021-05-24 11:21:36.028 [restartedMain] StandardEngine - Starting Servlet engine: [Apache Tomcat/9.0.41]
[INFO ] 2021-05-24 11:21:36.565 [restartedMain] [/] - Initializing Spring embedded WebApplicationContext
[INFO ] 2021-05-24 11:21:36.565 [restartedMain] ServletWebServerApplicationContext - Root WebApplicationContext: initialization completed in 2980 ms
[INFO ] 2021-05-24 11:21:36.862 [restartedMain] LogHelper - HHH000204: Processing PersistenceUnitInfo [name: default]
[INFO ] 2021-05-24 11:21:36.928 [restartedMain] Version - HHH000412: Hibernate ORM core version 5.4.27.Final
[INFO ] 2021-05-24 11:21:37.061 [restartedMain] Version - HCANN000001: Hibernate Commons Annotations {5.1.2.Final}
[INFO ] 2021-05-24 11:21:37.179 [restartedMain] HikariDataSource - HikariPool-1 - Starting...
[INFO ] 2021-05-24 11:21:37.349 [restartedMain] HikariDataSource - HikariPool-1 - Start completed.
[INFO ] 2021-05-24 11:21:37.365 [restartedMain] Dialect - HHH000400: Using dialect: org.hibernate.dialect.MySQL8Dialect
[INFO ] 2021-05-24 11:21:38.751 [restartedMain] JtaPlatformInitiator - HHH000490: Using JtaPlatform implementation: [org.hibernate.engine.transaction.jta.platform.internal.NoJtaPlatform]
[INFO ] 2021-05-24 11:21:38.763 [restartedMain] LocalContainerEntityManagerFactoryBean - Initialized JPA EntityManagerFactory for persistence unit 'default'
[INFO ] 2021-05-24 11:21:38.842 [restartedMain] OptionalLiveReloadServer - LiveReload server is running on port 35729
[WARN ] 2021-05-24 11:21:39.887 [restartedMain] JpaBaseConfiguration$JpaWebConfiguration - spring.jpa.open-in-view is enabled by default. Therefore, database queries may be performed during view rendering. Explicitly configure spring.jpa.open-in-view to disable this warning
[INFO ] 2021-05-24 11:21:40.245 [restartedMain] DefaultSecurityFilterChain - Will secure any request with [org.springframework.security.web.context.request.async.WebAsyncManagerIntegrationFilter@6be5f820, org.springframework.security.web.context.SecurityContextPersistenceFilter@e7f59fa, org.springframework.security.web.header.HeaderWriterFilter@6296a893, org.springframework.security.web.authentication.logout.LogoutFilter@129845db, com.camp.campApi.security.JwtAuthorization@50d46700, com.camp.campApi.security.JwtAuthentication@6c7a8bb3, org.springframework.security.web.savedrequest.RequestCacheAwareFilter@5ca441e, org.springframework.security.web.servletapi.SecurityContextHolderAwareRequestFilter@5d5af76a, org.springframework.security.web.authentication.AnonymousAuthenticationFilter@4702ee2, org.springframework.security.web.session.SessionManagementFilter@6dccaa6, org.springframework.security.web.access.ExceptionTranslationFilter@4f5331ca, org.springframework.security.web.access.intercept.FilterSecurityInterceptor@1b62aa8]
[INFO ] 2021-05-24 11:21:40.420 [restartedMain] ThreadPoolTaskExecutor - Initializing ExecutorService 'applicationTaskExecutor'
[INFO ] 2021-05-24 11:21:41.068 [restartedMain] Http11NioProtocol - Starting ProtocolHandler ["http-nio-8085"]
[INFO ] 2021-05-24 11:21:41.383 [restartedMain] TomcatWebServer - Tomcat started on port(s): 8085 (http) with context path ''
[INFO ] 2021-05-24 11:21:41.399 [restartedMain] CampApiApplication - Started CampApiApplication in 8.423 seconds (JVM running for 13.472)
[INFO ] 2021-05-24 11:23:05.660 [http-nio-8085-exec-1] [/] - Initializing Spring DispatcherServlet 'dispatcherServlet'
[INFO ] 2021-05-24 11:23:05.660 [http-nio-8085-exec-1] DispatcherServlet - Initializing Servlet 'dispatcherServlet'
[INFO ] 2021-05-24 11:23:05.662 [http-nio-8085-exec-1] DispatcherServlet - Completed initialization in 2 ms
[WARN ] 2021-05-24 11:24:44.831 [http-nio-8085-exec-7] ExceptionHandlerExceptionResolver - Resolved [javax.validation.ConstraintViolationException: Validation failed for classes [com.camp.campApi.modules.places.entity.ChildPlaceEntity] during persist time for groups [javax.validation.groups.Default, ]
List of constraint violations:[
	ConstraintViolationImpl{interpolatedMessage='must not be blank', propertyPath=childName, rootBeanClass=class com.camp.campApi.modules.places.entity.ChildPlaceEntity, messageTemplate='{javax.validation.constraints.NotBlank.message}'}
]]
[INFO ] 2021-05-24 11:25:43.148 [main] CampApiApplication - Hello this is an info message
[ERROR] 2021-05-24 11:25:43.157 [main] CampApiApplication - Error Message Logged !!!
java.lang.NullPointerException: NullError
	at com.camp.campApi.CampApiApplication.main(CampApiApplication.java:21) [classes/:?]
[INFO ] 2021-05-24 11:25:44.842 [restartedMain] CampApiApplication - Hello this is an info message
[ERROR] 2021-05-24 11:25:44.843 [restartedMain] CampApiApplication - Error Message Logged !!!
java.lang.NullPointerException: NullError
	at com.camp.campApi.CampApiApplication.main(CampApiApplication.java:21) [classes/:?]
	at jdk.internal.reflect.NativeMethodAccessorImpl.invoke0(Native Method) ~[?:?]
	at jdk.internal.reflect.NativeMethodAccessorImpl.invoke(NativeMethodAccessorImpl.java:62) ~[?:?]
	at jdk.internal.reflect.DelegatingMethodAccessorImpl.invoke(DelegatingMethodAccessorImpl.java:43) ~[?:?]
	at java.lang.reflect.Method.invoke(Method.java:567) ~[?:?]
	at org.springframework.boot.devtools.restart.RestartLauncher.run(RestartLauncher.java:49) [spring-boot-devtools-2.4.2.jar:2.4.2]
[INFO ] 2021-05-24 11:25:45.717 [background-preinit] Version - HV000001: Hibernate Validator 6.1.7.Final
[INFO ] 2021-05-24 11:25:45.773 [restartedMain] CampApiApplication - Starting CampApiApplication using Java 12.0.1 on network4 with PID 32660 (J:\jav\campApi\target\classes started by m.bandpey in J:\jav\campApi)
[INFO ] 2021-05-24 11:25:45.777 [restartedMain] CampApiApplication - No active profile set, falling back to default profiles: default
[INFO ] 2021-05-24 11:25:45.851 [restartedMain] DevToolsPropertyDefaultsPostProcessor - Devtools property defaults active! Set 'spring.devtools.add-properties' to 'false' to disable
[INFO ] 2021-05-24 11:25:45.851 [restartedMain] DevToolsPropertyDefaultsPostProcessor - For additional web related logging consider setting the 'logging.level.web' property to 'DEBUG'
[INFO ] 2021-05-24 11:25:47.259 [restartedMain] RepositoryConfigurationDelegate - Multiple Spring Data modules found, entering strict repository configuration mode!
[INFO ] 2021-05-24 11:25:47.261 [restartedMain] RepositoryConfigurationDelegate - Bootstrapping Spring Data JDBC repositories in DEFAULT mode.
[INFO ] 2021-05-24 11:25:47.390 [restartedMain] RepositoryConfigurationExtensionSupport - Spring Data JDBC - Could not safely identify store assignment for repository candidate interface com.camp.campApi.modules.places.repository.ChildPlaceRepo. If you want this repository to be a JDBC repository, consider annotating your entities with one of these annotations: org.springframework.data.relational.core.mapping.Table.
[INFO ] 2021-05-24 11:25:47.400 [restartedMain] RepositoryConfigurationExtensionSupport - Spring Data JDBC - Could not safely identify store assignment for repository candidate interface com.camp.campApi.modules.places.repository.PlaceRepo. If you want this repository to be a JDBC repository, consider annotating your entities with one of these annotations: org.springframework.data.relational.core.mapping.Table.
[INFO ] 2021-05-24 11:25:47.409 [restartedMain] RepositoryConfigurationExtensionSupport - Spring Data JDBC - Could not safely identify store assignment for repository candidate interface com.camp.campApi.modules.users.repository.RoleRepo. If you want this repository to be a JDBC repository, consider annotating your entities with one of these annotations: org.springframework.data.relational.core.mapping.Table.
[INFO ] 2021-05-24 11:25:47.412 [restartedMain] RepositoryConfigurationExtensionSupport - Spring Data JDBC - Could not safely identify store assignment for repository candidate interface com.camp.campApi.modules.users.repository.UserRepo. If you want this repository to be a JDBC repository, consider annotating your entities with one of these annotations: org.springframework.data.relational.core.mapping.Table.
[INFO ] 2021-05-24 11:25:47.414 [restartedMain] RepositoryConfigurationDelegate - Finished Spring Data repository scanning in 147 ms. Found 0 JDBC repository interfaces.
[INFO ] 2021-05-24 11:25:47.426 [restartedMain] RepositoryConfigurationDelegate - Multiple Spring Data modules found, entering strict repository configuration mode!
[INFO ] 2021-05-24 11:25:47.426 [restartedMain] RepositoryConfigurationDelegate - Bootstrapping Spring Data JPA repositories in DEFAULT mode.
[INFO ] 2021-05-24 11:25:47.560 [restartedMain] RepositoryConfigurationDelegate - Finished Spring Data repository scanning in 128 ms. Found 4 JPA repository interfaces.
[INFO ] 2021-05-24 11:25:48.240 [restartedMain] PostProcessorRegistrationDelegate$BeanPostProcessorChecker - Bean 'org.springframework.security.access.expression.method.DefaultMethodSecurityExpressionHandler@4bcc1ba1' of type [org.springframework.security.access.expression.method.DefaultMethodSecurityExpressionHandler] is not eligible for getting processed by all BeanPostProcessors (for example: not eligible for auto-proxying)
[INFO ] 2021-05-24 11:25:48.240 [restartedMain] PostProcessorRegistrationDelegate$BeanPostProcessorChecker - Bean 'methodSecurityMetadataSource' of type [org.springframework.security.access.method.DelegatingMethodSecurityMetadataSource] is not eligible for getting processed by all BeanPostProcessors (for example: not eligible for auto-proxying)
[INFO ] 2021-05-24 11:25:48.781 [restartedMain] TomcatWebServer - Tomcat initialized with port(s): 8085 (http)
[INFO ] 2021-05-24 11:25:48.793 [restartedMain] Http11NioProtocol - Initializing ProtocolHandler ["http-nio-8085"]
[INFO ] 2021-05-24 11:25:48.793 [restartedMain] StandardService - Starting service [Tomcat]
[INFO ] 2021-05-24 11:25:48.793 [restartedMain] StandardEngine - Starting Servlet engine: [Apache Tomcat/9.0.41]
[INFO ] 2021-05-24 11:25:49.467 [restartedMain] [/] - Initializing Spring embedded WebApplicationContext
[INFO ] 2021-05-24 11:25:49.475 [restartedMain] ServletWebServerApplicationContext - Root WebApplicationContext: initialization completed in 3623 ms
[INFO ] 2021-05-24 11:25:49.777 [restartedMain] LogHelper - HHH000204: Processing PersistenceUnitInfo [name: default]
[INFO ] 2021-05-24 11:25:49.850 [restartedMain] Version - HHH000412: Hibernate ORM core version 5.4.27.Final
[INFO ] 2021-05-24 11:25:50.021 [restartedMain] Version - HCANN000001: Hibernate Commons Annotations {5.1.2.Final}
[INFO ] 2021-05-24 11:25:50.202 [restartedMain] HikariDataSource - HikariPool-1 - Starting...
[INFO ] 2021-05-24 11:25:50.360 [restartedMain] HikariDataSource - HikariPool-1 - Start completed.
[INFO ] 2021-05-24 11:25:50.375 [restartedMain] Dialect - HHH000400: Using dialect: org.hibernate.dialect.MySQL8Dialect
[INFO ] 2021-05-24 11:25:51.920 [restartedMain] JtaPlatformInitiator - HHH000490: Using JtaPlatform implementation: [org.hibernate.engine.transaction.jta.platform.internal.NoJtaPlatform]
[INFO ] 2021-05-24 11:25:51.932 [restartedMain] LocalContainerEntityManagerFactoryBean - Initialized JPA EntityManagerFactory for persistence unit 'default'
[INFO ] 2021-05-24 11:25:52.009 [restartedMain] OptionalLiveReloadServer - LiveReload server is running on port 35729
[WARN ] 2021-05-24 11:25:53.313 [restartedMain] JpaBaseConfiguration$JpaWebConfiguration - spring.jpa.open-in-view is enabled by default. Therefore, database queries may be performed during view rendering. Explicitly configure spring.jpa.open-in-view to disable this warning
[INFO ] 2021-05-24 11:25:53.782 [restartedMain] DefaultSecurityFilterChain - Will secure any request with [org.springframework.security.web.context.request.async.WebAsyncManagerIntegrationFilter@371a9694, org.springframework.security.web.context.SecurityContextPersistenceFilter@35b8a6c9, org.springframework.security.web.header.HeaderWriterFilter@a275054, org.springframework.security.web.authentication.logout.LogoutFilter@5f10b27b, com.camp.campApi.security.JwtAuthorization@35bbc5d1, com.camp.campApi.security.JwtAuthentication@7967a3aa, org.springframework.security.web.savedrequest.RequestCacheAwareFilter@3d25ae96, org.springframework.security.web.servletapi.SecurityContextHolderAwareRequestFilter@7c771153, org.springframework.security.web.authentication.AnonymousAuthenticationFilter@5892e252, org.springframework.security.web.session.SessionManagementFilter@5646a1c4, org.springframework.security.web.access.ExceptionTranslationFilter@9041fa7, org.springframework.security.web.access.intercept.FilterSecurityInterceptor@3de38bc9]
[INFO ] 2021-05-24 11:25:53.952 [restartedMain] ThreadPoolTaskExecutor - Initializing ExecutorService 'applicationTaskExecutor'
[INFO ] 2021-05-24 11:25:54.607 [restartedMain] Http11NioProtocol - Starting ProtocolHandler ["http-nio-8085"]
[INFO ] 2021-05-24 11:25:54.930 [restartedMain] TomcatWebServer - Tomcat started on port(s): 8085 (http) with context path ''
[INFO ] 2021-05-24 11:25:54.947 [restartedMain] CampApiApplication - Started CampApiApplication in 9.81 seconds (JVM running for 16.056)
[INFO ] 2021-05-24 11:26:10.202 [http-nio-8085-exec-1] [/] - Initializing Spring DispatcherServlet 'dispatcherServlet'
[INFO ] 2021-05-24 11:26:10.202 [http-nio-8085-exec-1] DispatcherServlet - Initializing Servlet 'dispatcherServlet'
[INFO ] 2021-05-24 11:26:10.204 [http-nio-8085-exec-1] DispatcherServlet - Completed initialization in 2 ms
[WARN ] 2021-05-24 11:30:30.163 [http-nio-8085-exec-6] SqlExceptionHelper - SQL Error: 1062, SQLState: 23000
[ERROR] 2021-05-24 11:30:30.318 [http-nio-8085-exec-6] SqlExceptionHelper - Duplicate entry '' for key 'child_place_entity.UK_clvb6dtj15o2derp5qkqfxdoy'
[WARN ] 2021-05-24 11:30:30.908 [http-nio-8085-exec-6] ExceptionHandlerExceptionResolver - Resolved [org.springframework.dao.DataIntegrityViolationException: could not execute statement; SQL [n/a]; constraint [child_place_entity.UK_clvb6dtj15o2derp5qkqfxdoy]; nested exception is org.hibernate.exception.ConstraintViolationException: could not execute statement]
[WARN ] 2021-05-24 11:31:24.622 [http-nio-8085-exec-10] SqlExceptionHelper - SQL Error: 1062, SQLState: 23000
[ERROR] 2021-05-24 11:31:24.820 [http-nio-8085-exec-10] SqlExceptionHelper - Duplicate entry '' for key 'child_place_entity.UK_clvb6dtj15o2derp5qkqfxdoy'
[WARN ] 2021-05-24 11:31:25.066 [http-nio-8085-exec-10] ExceptionHandlerExceptionResolver - Resolved [org.springframework.dao.DataIntegrityViolationException: could not execute statement; SQL [n/a]; constraint [child_place_entity.UK_clvb6dtj15o2derp5qkqfxdoy]; nested exception is org.hibernate.exception.ConstraintViolationException: could not execute statement]
[WARN ] 2021-05-24 12:42:57.985 [http-nio-8085-exec-6] SqlExceptionHelper - SQL Error: 1062, SQLState: 23000
[ERROR] 2021-05-24 12:42:58.265 [http-nio-8085-exec-6] SqlExceptionHelper - Duplicate entry '' for key 'child_place_entity.UK_clvb6dtj15o2derp5qkqfxdoy'
[WARN ] 2021-05-24 12:42:58.500 [http-nio-8085-exec-6] ExceptionHandlerExceptionResolver - Resolved [org.springframework.dao.DataIntegrityViolationException: could not execute statement; SQL [n/a]; constraint [child_place_entity.UK_clvb6dtj15o2derp5qkqfxdoy]; nested exception is org.hibernate.exception.ConstraintViolationException: could not execute statement]
[WARN ] 2021-05-24 12:45:28.998 [http-nio-8085-exec-1] SqlExceptionHelper - SQL Error: 1062, SQLState: 23000
[ERROR] 2021-05-24 12:45:29.120 [http-nio-8085-exec-1] SqlExceptionHelper - Duplicate entry '' for key 'child_place_entity.UK_clvb6dtj15o2derp5qkqfxdoy'
[WARN ] 2021-05-24 12:45:29.402 [http-nio-8085-exec-1] ExceptionHandlerExceptionResolver - Resolved [org.springframework.dao.DataIntegrityViolationException: could not execute statement; SQL [n/a]; constraint [child_place_entity.UK_clvb6dtj15o2derp5qkqfxdoy]; nested exception is org.hibernate.exception.ConstraintViolationException: could not execute statement]
[INFO ] 2021-05-24 12:46:45.116 [main] CampApiApplication - Hello this is an info message
[ERROR] 2021-05-24 12:46:45.124 [main] CampApiApplication - Error Message Logged !!!
java.lang.NullPointerException: NullError
	at com.camp.campApi.CampApiApplication.main(CampApiApplication.java:21) [classes/:?]
[INFO ] 2021-05-24 12:46:46.557 [restartedMain] CampApiApplication - Hello this is an info message
[ERROR] 2021-05-24 12:46:46.558 [restartedMain] CampApiApplication - Error Message Logged !!!
java.lang.NullPointerException: NullError
	at com.camp.campApi.CampApiApplication.main(CampApiApplication.java:21) [classes/:?]
	at jdk.internal.reflect.NativeMethodAccessorImpl.invoke0(Native Method) ~[?:?]
	at jdk.internal.reflect.NativeMethodAccessorImpl.invoke(NativeMethodAccessorImpl.java:62) ~[?:?]
	at jdk.internal.reflect.DelegatingMethodAccessorImpl.invoke(DelegatingMethodAccessorImpl.java:43) ~[?:?]
	at java.lang.reflect.Method.invoke(Method.java:567) ~[?:?]
	at org.springframework.boot.devtools.restart.RestartLauncher.run(RestartLauncher.java:49) [spring-boot-devtools-2.4.2.jar:2.4.2]
[INFO ] 2021-05-24 12:46:47.260 [background-preinit] Version - HV000001: Hibernate Validator 6.1.7.Final
[INFO ] 2021-05-24 12:46:47.301 [restartedMain] CampApiApplication - Starting CampApiApplication using Java 12.0.1 on network4 with PID 23532 (J:\jav\campApi\target\classes started by m.bandpey in J:\jav\campApi)
[INFO ] 2021-05-24 12:46:47.309 [restartedMain] CampApiApplication - No active profile set, falling back to default profiles: default
[INFO ] 2021-05-24 12:46:47.361 [restartedMain] DevToolsPropertyDefaultsPostProcessor - Devtools property defaults active! Set 'spring.devtools.add-properties' to 'false' to disable
[INFO ] 2021-05-24 12:46:47.369 [restartedMain] DevToolsPropertyDefaultsPostProcessor - For additional web related logging consider setting the 'logging.level.web' property to 'DEBUG'
[INFO ] 2021-05-24 12:46:48.653 [restartedMain] RepositoryConfigurationDelegate - Multiple Spring Data modules found, entering strict repository configuration mode!
[INFO ] 2021-05-24 12:46:48.653 [restartedMain] RepositoryConfigurationDelegate - Bootstrapping Spring Data JDBC repositories in DEFAULT mode.
[INFO ] 2021-05-24 12:46:48.731 [restartedMain] RepositoryConfigurationExtensionSupport - Spring Data JDBC - Could not safely identify store assignment for repository candidate interface com.camp.campApi.modules.places.repository.ChildPlaceRepo. If you want this repository to be a JDBC repository, consider annotating your entities with one of these annotations: org.springframework.data.relational.core.mapping.Table.
[INFO ] 2021-05-24 12:46:48.733 [restartedMain] RepositoryConfigurationExtensionSupport - Spring Data JDBC - Could not safely identify store assignment for repository candidate interface com.camp.campApi.modules.places.repository.PlaceRepo. If you want this repository to be a JDBC repository, consider annotating your entities with one of these annotations: org.springframework.data.relational.core.mapping.Table.
[INFO ] 2021-05-24 12:46:48.733 [restartedMain] RepositoryConfigurationExtensionSupport - Spring Data JDBC - Could not safely identify store assignment for repository candidate interface com.camp.campApi.modules.users.repository.RoleRepo. If you want this repository to be a JDBC repository, consider annotating your entities with one of these annotations: org.springframework.data.relational.core.mapping.Table.
[INFO ] 2021-05-24 12:46:48.743 [restartedMain] RepositoryConfigurationExtensionSupport - Spring Data JDBC - Could not safely identify store assignment for repository candidate interface com.camp.campApi.modules.users.repository.UserRepo. If you want this repository to be a JDBC repository, consider annotating your entities with one of these annotations: org.springframework.data.relational.core.mapping.Table.
[INFO ] 2021-05-24 12:46:48.743 [restartedMain] RepositoryConfigurationDelegate - Finished Spring Data repository scanning in 81 ms. Found 0 JDBC repository interfaces.
[INFO ] 2021-05-24 12:46:48.753 [restartedMain] RepositoryConfigurationDelegate - Multiple Spring Data modules found, entering strict repository configuration mode!
[INFO ] 2021-05-24 12:46:48.753 [restartedMain] RepositoryConfigurationDelegate - Bootstrapping Spring Data JPA repositories in DEFAULT mode.
[INFO ] 2021-05-24 12:46:48.854 [restartedMain] RepositoryConfigurationDelegate - Finished Spring Data repository scanning in 88 ms. Found 4 JPA repository interfaces.
[INFO ] 2021-05-24 12:46:49.379 [restartedMain] PostProcessorRegistrationDelegate$BeanPostProcessorChecker - Bean 'org.springframework.security.access.expression.method.DefaultMethodSecurityExpressionHandler@633e135f' of type [org.springframework.security.access.expression.method.DefaultMethodSecurityExpressionHandler] is not eligible for getting processed by all BeanPostProcessors (for example: not eligible for auto-proxying)
[INFO ] 2021-05-24 12:46:49.394 [restartedMain] PostProcessorRegistrationDelegate$BeanPostProcessorChecker - Bean 'methodSecurityMetadataSource' of type [org.springframework.security.access.method.DelegatingMethodSecurityMetadataSource] is not eligible for getting processed by all BeanPostProcessors (for example: not eligible for auto-proxying)
[INFO ] 2021-05-24 12:46:49.858 [restartedMain] TomcatWebServer - Tomcat initialized with port(s): 8085 (http)
[INFO ] 2021-05-24 12:46:49.873 [restartedMain] Http11NioProtocol - Initializing ProtocolHandler ["http-nio-8085"]
[INFO ] 2021-05-24 12:46:49.874 [restartedMain] StandardService - Starting service [Tomcat]
[INFO ] 2021-05-24 12:46:49.875 [restartedMain] StandardEngine - Starting Servlet engine: [Apache Tomcat/9.0.41]
[INFO ] 2021-05-24 12:46:50.502 [restartedMain] [/] - Initializing Spring embedded WebApplicationContext
[INFO ] 2021-05-24 12:46:50.503 [restartedMain] ServletWebServerApplicationContext - Root WebApplicationContext: initialization completed in 3132 ms
[INFO ] 2021-05-24 12:46:50.907 [restartedMain] LogHelper - HHH000204: Processing PersistenceUnitInfo [name: default]
[INFO ] 2021-05-24 12:46:50.973 [restartedMain] Version - HHH000412: Hibernate ORM core version 5.4.27.Final
[INFO ] 2021-05-24 12:46:51.139 [restartedMain] Version - HCANN000001: Hibernate Commons Annotations {5.1.2.Final}
[INFO ] 2021-05-24 12:46:51.281 [restartedMain] HikariDataSource - HikariPool-1 - Starting...
[INFO ] 2021-05-24 12:46:51.435 [restartedMain] HikariDataSource - HikariPool-1 - Start completed.
[INFO ] 2021-05-24 12:46:51.452 [restartedMain] Dialect - HHH000400: Using dialect: org.hibernate.dialect.MySQL8Dialect
[INFO ] 2021-05-24 12:46:53.206 [restartedMain] JtaPlatformInitiator - HHH000490: Using JtaPlatform implementation: [org.hibernate.engine.transaction.jta.platform.internal.NoJtaPlatform]
[INFO ] 2021-05-24 12:46:53.224 [restartedMain] LocalContainerEntityManagerFactoryBean - Initialized JPA EntityManagerFactory for persistence unit 'default'
[INFO ] 2021-05-24 12:46:53.324 [restartedMain] OptionalLiveReloadServer - LiveReload server is running on port 35729
[WARN ] 2021-05-24 12:46:54.620 [restartedMain] JpaBaseConfiguration$JpaWebConfiguration - spring.jpa.open-in-view is enabled by default. Therefore, database queries may be performed during view rendering. Explicitly configure spring.jpa.open-in-view to disable this warning
[INFO ] 2021-05-24 12:46:55.206 [restartedMain] DefaultSecurityFilterChain - Will secure any request with [org.springframework.security.web.context.request.async.WebAsyncManagerIntegrationFilter@7cf9181c, org.springframework.security.web.context.SecurityContextPersistenceFilter@47a539eb, org.springframework.security.web.header.HeaderWriterFilter@3cac23f4, org.springframework.security.web.authentication.logout.LogoutFilter@34cdb90a, com.camp.campApi.security.JwtAuthorization@782ddc57, com.camp.campApi.security.JwtAuthentication@1c6d8471, org.springframework.security.web.savedrequest.RequestCacheAwareFilter@54c21786, org.springframework.security.web.servletapi.SecurityContextHolderAwareRequestFilter@483a3e43, org.springframework.security.web.authentication.AnonymousAuthenticationFilter@623c32b, org.springframework.security.web.session.SessionManagementFilter@7d0e0ce3, org.springframework.security.web.access.ExceptionTranslationFilter@70dbff55, org.springframework.security.web.access.intercept.FilterSecurityInterceptor@5ad1bd34]
[INFO ] 2021-05-24 12:46:55.381 [restartedMain] ThreadPoolTaskExecutor - Initializing ExecutorService 'applicationTaskExecutor'
[INFO ] 2021-05-24 12:46:56.078 [restartedMain] Http11NioProtocol - Starting ProtocolHandler ["http-nio-8085"]
[INFO ] 2021-05-24 12:46:56.741 [restartedMain] TomcatWebServer - Tomcat started on port(s): 8085 (http) with context path ''
[INFO ] 2021-05-24 12:46:56.760 [restartedMain] CampApiApplication - Started CampApiApplication in 10.069 seconds (JVM running for 15.538)
[INFO ] 2021-05-24 12:47:03.555 [http-nio-8085-exec-1] [/] - Initializing Spring DispatcherServlet 'dispatcherServlet'
[INFO ] 2021-05-24 12:47:03.555 [http-nio-8085-exec-1] DispatcherServlet - Initializing Servlet 'dispatcherServlet'
[INFO ] 2021-05-24 12:47:03.557 [http-nio-8085-exec-1] DispatcherServlet - Completed initialization in 2 ms
[WARN ] 2021-05-24 12:47:20.088 [http-nio-8085-exec-4] SqlExceptionHelper - SQL Error: 1062, SQLState: 23000
[ERROR] 2021-05-24 12:47:20.228 [http-nio-8085-exec-4] SqlExceptionHelper - Duplicate entry '' for key 'child_place_entity.UK_clvb6dtj15o2derp5qkqfxdoy'
[WARN ] 2021-05-24 12:47:20.508 [http-nio-8085-exec-4] ExceptionHandlerExceptionResolver - Resolved [org.springframework.dao.DataIntegrityViolationException: could not execute statement; SQL [n/a]; constraint [child_place_entity.UK_clvb6dtj15o2derp5qkqfxdoy]; nested exception is org.hibernate.exception.ConstraintViolationException: could not execute statement]
[INFO ] 2021-05-24 12:51:30.761 [main] CampApiApplication - Hello this is an info message
[ERROR] 2021-05-24 12:51:30.771 [main] CampApiApplication - Error Message Logged !!!
java.lang.NullPointerException: NullError
	at com.camp.campApi.CampApiApplication.main(CampApiApplication.java:21) [classes/:?]
[INFO ] 2021-05-24 12:51:33.039 [restartedMain] CampApiApplication - Hello this is an info message
[ERROR] 2021-05-24 12:51:33.039 [restartedMain] CampApiApplication - Error Message Logged !!!
java.lang.NullPointerException: NullError
	at com.camp.campApi.CampApiApplication.main(CampApiApplication.java:21) [classes/:?]
	at jdk.internal.reflect.NativeMethodAccessorImpl.invoke0(Native Method) ~[?:?]
	at jdk.internal.reflect.NativeMethodAccessorImpl.invoke(NativeMethodAccessorImpl.java:62) ~[?:?]
	at jdk.internal.reflect.DelegatingMethodAccessorImpl.invoke(DelegatingMethodAccessorImpl.java:43) ~[?:?]
	at java.lang.reflect.Method.invoke(Method.java:567) ~[?:?]
	at org.springframework.boot.devtools.restart.RestartLauncher.run(RestartLauncher.java:49) [spring-boot-devtools-2.4.2.jar:2.4.2]
[INFO ] 2021-05-24 12:51:34.446 [background-preinit] Version - HV000001: Hibernate Validator 6.1.7.Final
[INFO ] 2021-05-24 12:51:34.494 [restartedMain] CampApiApplication - Starting CampApiApplication using Java 12.0.1 on network4 with PID 26680 (J:\jav\campApi\target\classes started by m.bandpey in J:\jav\campApi)
[INFO ] 2021-05-24 12:51:34.497 [restartedMain] CampApiApplication - No active profile set, falling back to default profiles: default
[INFO ] 2021-05-24 12:51:34.553 [restartedMain] DevToolsPropertyDefaultsPostProcessor - Devtools property defaults active! Set 'spring.devtools.add-properties' to 'false' to disable
[INFO ] 2021-05-24 12:51:34.555 [restartedMain] DevToolsPropertyDefaultsPostProcessor - For additional web related logging consider setting the 'logging.level.web' property to 'DEBUG'
[INFO ] 2021-05-24 12:51:35.975 [restartedMain] RepositoryConfigurationDelegate - Multiple Spring Data modules found, entering strict repository configuration mode!
[INFO ] 2021-05-24 12:51:35.982 [restartedMain] RepositoryConfigurationDelegate - Bootstrapping Spring Data JDBC repositories in DEFAULT mode.
[INFO ] 2021-05-24 12:51:36.072 [restartedMain] RepositoryConfigurationExtensionSupport - Spring Data JDBC - Could not safely identify store assignment for repository candidate interface com.camp.campApi.modules.places.repository.ChildPlaceRepo. If you want this repository to be a JDBC repository, consider annotating your entities with one of these annotations: org.springframework.data.relational.core.mapping.Table.
[INFO ] 2021-05-24 12:51:36.072 [restartedMain] RepositoryConfigurationExtensionSupport - Spring Data JDBC - Could not safely identify store assignment for repository candidate interface com.camp.campApi.modules.places.repository.PlaceRepo. If you want this repository to be a JDBC repository, consider annotating your entities with one of these annotations: org.springframework.data.relational.core.mapping.Table.
[INFO ] 2021-05-24 12:51:36.082 [restartedMain] RepositoryConfigurationExtensionSupport - Spring Data JDBC - Could not safely identify store assignment for repository candidate interface com.camp.campApi.modules.users.repository.RoleRepo. If you want this repository to be a JDBC repository, consider annotating your entities with one of these annotations: org.springframework.data.relational.core.mapping.Table.
[INFO ] 2021-05-24 12:51:36.082 [restartedMain] RepositoryConfigurationExtensionSupport - Spring Data JDBC - Could not safely identify store assignment for repository candidate interface com.camp.campApi.modules.users.repository.UserRepo. If you want this repository to be a JDBC repository, consider annotating your entities with one of these annotations: org.springframework.data.relational.core.mapping.Table.
[INFO ] 2021-05-24 12:51:36.082 [restartedMain] RepositoryConfigurationDelegate - Finished Spring Data repository scanning in 93 ms. Found 0 JDBC repository interfaces.
[INFO ] 2021-05-24 12:51:36.102 [restartedMain] RepositoryConfigurationDelegate - Multiple Spring Data modules found, entering strict repository configuration mode!
[INFO ] 2021-05-24 12:51:36.102 [restartedMain] RepositoryConfigurationDelegate - Bootstrapping Spring Data JPA repositories in DEFAULT mode.
[INFO ] 2021-05-24 12:51:36.193 [restartedMain] RepositoryConfigurationDelegate - Finished Spring Data repository scanning in 87 ms. Found 4 JPA repository interfaces.
[INFO ] 2021-05-24 12:51:36.773 [restartedMain] PostProcessorRegistrationDelegate$BeanPostProcessorChecker - Bean 'org.springframework.security.access.expression.method.DefaultMethodSecurityExpressionHandler@226a22ff' of type [org.springframework.security.access.expression.method.DefaultMethodSecurityExpressionHandler] is not eligible for getting processed by all BeanPostProcessors (for example: not eligible for auto-proxying)
[INFO ] 2021-05-24 12:51:36.784 [restartedMain] PostProcessorRegistrationDelegate$BeanPostProcessorChecker - Bean 'methodSecurityMetadataSource' of type [org.springframework.security.access.method.DelegatingMethodSecurityMetadataSource] is not eligible for getting processed by all BeanPostProcessors (for example: not eligible for auto-proxying)
[INFO ] 2021-05-24 12:51:37.169 [restartedMain] TomcatWebServer - Tomcat initialized with port(s): 8085 (http)
[INFO ] 2021-05-24 12:51:37.180 [restartedMain] Http11NioProtocol - Initializing ProtocolHandler ["http-nio-8085"]
[INFO ] 2021-05-24 12:51:37.181 [restartedMain] StandardService - Starting service [Tomcat]
[INFO ] 2021-05-24 12:51:37.182 [restartedMain] StandardEngine - Starting Servlet engine: [Apache Tomcat/9.0.41]
[INFO ] 2021-05-24 12:51:37.770 [restartedMain] [/] - Initializing Spring embedded WebApplicationContext
[INFO ] 2021-05-24 12:51:37.770 [restartedMain] ServletWebServerApplicationContext - Root WebApplicationContext: initialization completed in 3213 ms
[INFO ] 2021-05-24 12:51:38.001 [restartedMain] LogHelper - HHH000204: Processing PersistenceUnitInfo [name: default]
[INFO ] 2021-05-24 12:51:38.061 [restartedMain] Version - HHH000412: Hibernate ORM core version 5.4.27.Final
[INFO ] 2021-05-24 12:51:38.194 [restartedMain] Version - HCANN000001: Hibernate Commons Annotations {5.1.2.Final}
[INFO ] 2021-05-24 12:51:38.328 [restartedMain] HikariDataSource - HikariPool-1 - Starting...
[INFO ] 2021-05-24 12:51:38.624 [restartedMain] HikariDataSource - HikariPool-1 - Start completed.
[INFO ] 2021-05-24 12:51:38.641 [restartedMain] Dialect - HHH000400: Using dialect: org.hibernate.dialect.MySQL8Dialect
[INFO ] 2021-05-24 12:51:40.167 [restartedMain] JtaPlatformInitiator - HHH000490: Using JtaPlatform implementation: [org.hibernate.engine.transaction.jta.platform.internal.NoJtaPlatform]
[INFO ] 2021-05-24 12:51:40.179 [restartedMain] LocalContainerEntityManagerFactoryBean - Initialized JPA EntityManagerFactory for persistence unit 'default'
[INFO ] 2021-05-24 12:51:40.278 [restartedMain] OptionalLiveReloadServer - LiveReload server is running on port 35729
[WARN ] 2021-05-24 12:51:41.438 [restartedMain] JpaBaseConfiguration$JpaWebConfiguration - spring.jpa.open-in-view is enabled by default. Therefore, database queries may be performed during view rendering. Explicitly configure spring.jpa.open-in-view to disable this warning
[INFO ] 2021-05-24 12:51:41.844 [restartedMain] DefaultSecurityFilterChain - Will secure any request with [org.springframework.security.web.context.request.async.WebAsyncManagerIntegrationFilter@79cef8fc, org.springframework.security.web.context.SecurityContextPersistenceFilter@611b124a, org.springframework.security.web.header.HeaderWriterFilter@245dfcdb, org.springframework.security.web.authentication.logout.LogoutFilter@5d83328e, com.camp.campApi.security.JwtAuthorization@68c6e9be, com.camp.campApi.security.JwtAuthentication@158043b8, org.springframework.security.web.savedrequest.RequestCacheAwareFilter@4617e46d, org.springframework.security.web.servletapi.SecurityContextHolderAwareRequestFilter@5cf1bc9d, org.springframework.security.web.authentication.AnonymousAuthenticationFilter@3afe8775, org.springframework.security.web.session.SessionManagementFilter@53b34853, org.springframework.security.web.access.ExceptionTranslationFilter@6462bf3d, org.springframework.security.web.access.intercept.FilterSecurityInterceptor@6e4cc8f]
[INFO ] 2021-05-24 12:51:41.979 [restartedMain] ThreadPoolTaskExecutor - Initializing ExecutorService 'applicationTaskExecutor'
[INFO ] 2021-05-24 12:51:42.541 [restartedMain] Http11NioProtocol - Starting ProtocolHandler ["http-nio-8085"]
[INFO ] 2021-05-24 12:51:42.891 [restartedMain] TomcatWebServer - Tomcat started on port(s): 8085 (http) with context path ''
[INFO ] 2021-05-24 12:51:42.904 [restartedMain] CampApiApplication - Started CampApiApplication in 9.002 seconds (JVM running for 16.049)
[INFO ] 2021-05-24 12:52:32.777 [http-nio-8085-exec-1] [/] - Initializing Spring DispatcherServlet 'dispatcherServlet'
[INFO ] 2021-05-24 12:52:32.777 [http-nio-8085-exec-1] DispatcherServlet - Initializing Servlet 'dispatcherServlet'
[INFO ] 2021-05-24 12:52:32.779 [http-nio-8085-exec-1] DispatcherServlet - Completed initialization in 1 ms
[WARN ] 2021-05-24 12:52:47.922 [http-nio-8085-exec-4] SqlExceptionHelper - SQL Error: 1062, SQLState: 23000
[ERROR] 2021-05-24 12:52:48.063 [http-nio-8085-exec-4] SqlExceptionHelper - Duplicate entry '' for key 'child_place_entity.UK_clvb6dtj15o2derp5qkqfxdoy'
[WARN ] 2021-05-24 12:52:48.316 [http-nio-8085-exec-4] ExceptionHandlerExceptionResolver - Resolved [org.springframework.dao.DataIntegrityViolationException: could not execute statement; SQL [n/a]; constraint [child_place_entity.UK_clvb6dtj15o2derp5qkqfxdoy]; nested exception is org.hibernate.exception.ConstraintViolationException: could not execute statement]
[INFO ] 2021-05-24 13:26:19.105 [main] CampApiApplication - Hello this is an info message
[ERROR] 2021-05-24 13:26:19.114 [main] CampApiApplication - Error Message Logged !!!
java.lang.NullPointerException: NullError
	at com.camp.campApi.CampApiApplication.main(CampApiApplication.java:21) [classes/:?]
[INFO ] 2021-05-24 13:26:20.897 [restartedMain] CampApiApplication - Hello this is an info message
[ERROR] 2021-05-24 13:26:20.898 [restartedMain] CampApiApplication - Error Message Logged !!!
java.lang.NullPointerException: NullError
	at com.camp.campApi.CampApiApplication.main(CampApiApplication.java:21) [classes/:?]
	at jdk.internal.reflect.NativeMethodAccessorImpl.invoke0(Native Method) ~[?:?]
	at jdk.internal.reflect.NativeMethodAccessorImpl.invoke(NativeMethodAccessorImpl.java:62) ~[?:?]
	at jdk.internal.reflect.DelegatingMethodAccessorImpl.invoke(DelegatingMethodAccessorImpl.java:43) ~[?:?]
	at java.lang.reflect.Method.invoke(Method.java:567) ~[?:?]
	at org.springframework.boot.devtools.restart.RestartLauncher.run(RestartLauncher.java:49) [spring-boot-devtools-2.4.2.jar:2.4.2]
[INFO ] 2021-05-24 13:26:21.588 [background-preinit] Version - HV000001: Hibernate Validator 6.1.7.Final
[INFO ] 2021-05-24 13:26:21.631 [restartedMain] CampApiApplication - Starting CampApiApplication using Java 12.0.1 on network4 with PID 34624 (J:\jav\campApi\target\classes started by m.bandpey in J:\jav\campApi)
[INFO ] 2021-05-24 13:26:21.636 [restartedMain] CampApiApplication - No active profile set, falling back to default profiles: default
[INFO ] 2021-05-24 13:26:21.715 [restartedMain] DevToolsPropertyDefaultsPostProcessor - Devtools property defaults active! Set 'spring.devtools.add-properties' to 'false' to disable
[INFO ] 2021-05-24 13:26:21.715 [restartedMain] DevToolsPropertyDefaultsPostProcessor - For additional web related logging consider setting the 'logging.level.web' property to 'DEBUG'
[INFO ] 2021-05-24 13:26:23.137 [restartedMain] RepositoryConfigurationDelegate - Multiple Spring Data modules found, entering strict repository configuration mode!
[INFO ] 2021-05-24 13:26:23.139 [restartedMain] RepositoryConfigurationDelegate - Bootstrapping Spring Data JDBC repositories in DEFAULT mode.
[INFO ] 2021-05-24 13:26:23.299 [restartedMain] RepositoryConfigurationExtensionSupport - Spring Data JDBC - Could not safely identify store assignment for repository candidate interface com.camp.campApi.modules.places.repository.ChildPlaceRepo. If you want this repository to be a JDBC repository, consider annotating your entities with one of these annotations: org.springframework.data.relational.core.mapping.Table.
[INFO ] 2021-05-24 13:26:23.304 [restartedMain] RepositoryConfigurationExtensionSupport - Spring Data JDBC - Could not safely identify store assignment for repository candidate interface com.camp.campApi.modules.places.repository.PlaceRepo. If you want this repository to be a JDBC repository, consider annotating your entities with one of these annotations: org.springframework.data.relational.core.mapping.Table.
[INFO ] 2021-05-24 13:26:23.307 [restartedMain] RepositoryConfigurationExtensionSupport - Spring Data JDBC - Could not safely identify store assignment for repository candidate interface com.camp.campApi.modules.users.repository.RoleRepo. If you want this repository to be a JDBC repository, consider annotating your entities with one of these annotations: org.springframework.data.relational.core.mapping.Table.
[INFO ] 2021-05-24 13:26:23.312 [restartedMain] RepositoryConfigurationExtensionSupport - Spring Data JDBC - Could not safely identify store assignment for repository candidate interface com.camp.campApi.modules.users.repository.UserRepo. If you want this repository to be a JDBC repository, consider annotating your entities with one of these annotations: org.springframework.data.relational.core.mapping.Table.
[INFO ] 2021-05-24 13:26:23.313 [restartedMain] RepositoryConfigurationDelegate - Finished Spring Data repository scanning in 169 ms. Found 0 JDBC repository interfaces.
[INFO ] 2021-05-24 13:26:23.330 [restartedMain] RepositoryConfigurationDelegate - Multiple Spring Data modules found, entering strict repository configuration mode!
[INFO ] 2021-05-24 13:26:23.331 [restartedMain] RepositoryConfigurationDelegate - Bootstrapping Spring Data JPA repositories in DEFAULT mode.
[INFO ] 2021-05-24 13:26:23.446 [restartedMain] RepositoryConfigurationDelegate - Finished Spring Data repository scanning in 108 ms. Found 4 JPA repository interfaces.
[INFO ] 2021-05-24 13:26:24.099 [restartedMain] PostProcessorRegistrationDelegate$BeanPostProcessorChecker - Bean 'org.springframework.security.access.expression.method.DefaultMethodSecurityExpressionHandler@39201afa' of type [org.springframework.security.access.expression.method.DefaultMethodSecurityExpressionHandler] is not eligible for getting processed by all BeanPostProcessors (for example: not eligible for auto-proxying)
[INFO ] 2021-05-24 13:26:24.104 [restartedMain] PostProcessorRegistrationDelegate$BeanPostProcessorChecker - Bean 'methodSecurityMetadataSource' of type [org.springframework.security.access.method.DelegatingMethodSecurityMetadataSource] is not eligible for getting processed by all BeanPostProcessors (for example: not eligible for auto-proxying)
[INFO ] 2021-05-24 13:26:24.604 [restartedMain] TomcatWebServer - Tomcat initialized with port(s): 8085 (http)
[INFO ] 2021-05-24 13:26:24.618 [restartedMain] Http11NioProtocol - Initializing ProtocolHandler ["http-nio-8085"]
[INFO ] 2021-05-24 13:26:24.619 [restartedMain] StandardService - Starting service [Tomcat]
[INFO ] 2021-05-24 13:26:24.620 [restartedMain] StandardEngine - Starting Servlet engine: [Apache Tomcat/9.0.41]
[INFO ] 2021-05-24 13:26:25.374 [restartedMain] [/] - Initializing Spring embedded WebApplicationContext
[INFO ] 2021-05-24 13:26:25.375 [restartedMain] ServletWebServerApplicationContext - Root WebApplicationContext: initialization completed in 3659 ms
[INFO ] 2021-05-24 13:26:25.753 [restartedMain] LogHelper - HHH000204: Processing PersistenceUnitInfo [name: default]
[INFO ] 2021-05-24 13:26:25.838 [restartedMain] Version - HHH000412: Hibernate ORM core version 5.4.27.Final
[INFO ] 2021-05-24 13:26:26.056 [restartedMain] Version - HCANN000001: Hibernate Commons Annotations {5.1.2.Final}
[INFO ] 2021-05-24 13:26:26.271 [restartedMain] HikariDataSource - HikariPool-1 - Starting...
[INFO ] 2021-05-24 13:26:26.556 [restartedMain] HikariDataSource - HikariPool-1 - Start completed.
[INFO ] 2021-05-24 13:26:26.576 [restartedMain] Dialect - HHH000400: Using dialect: org.hibernate.dialect.MySQL8Dialect
[INFO ] 2021-05-24 13:26:28.171 [restartedMain] JtaPlatformInitiator - HHH000490: Using JtaPlatform implementation: [org.hibernate.engine.transaction.jta.platform.internal.NoJtaPlatform]
[INFO ] 2021-05-24 13:26:28.187 [restartedMain] LocalContainerEntityManagerFactoryBean - Initialized JPA EntityManagerFactory for persistence unit 'default'
[INFO ] 2021-05-24 13:26:28.316 [restartedMain] OptionalLiveReloadServer - LiveReload server is running on port 35729
[WARN ] 2021-05-24 13:26:29.883 [restartedMain] JpaBaseConfiguration$JpaWebConfiguration - spring.jpa.open-in-view is enabled by default. Therefore, database queries may be performed during view rendering. Explicitly configure spring.jpa.open-in-view to disable this warning
[INFO ] 2021-05-24 13:26:30.383 [restartedMain] DefaultSecurityFilterChain - Will secure any request with [org.springframework.security.web.context.request.async.WebAsyncManagerIntegrationFilter@29decf7d, org.springframework.security.web.context.SecurityContextPersistenceFilter@65a33bf6, org.springframework.security.web.header.HeaderWriterFilter@50d76c17, org.springframework.security.web.authentication.logout.LogoutFilter@107262d7, com.camp.campApi.security.JwtAuthorization@799379b1, com.camp.campApi.security.JwtAuthentication@4865f887, org.springframework.security.web.savedrequest.RequestCacheAwareFilter@9bf3dc1, org.springframework.security.web.servletapi.SecurityContextHolderAwareRequestFilter@3ee19730, org.springframework.security.web.authentication.AnonymousAuthenticationFilter@1b62aa8, org.springframework.security.web.session.SessionManagementFilter@597aa076, org.springframework.security.web.access.ExceptionTranslationFilter@51e1d318, org.springframework.security.web.access.intercept.FilterSecurityInterceptor@383ec77a]
[INFO ] 2021-05-24 13:26:30.567 [restartedMain] ThreadPoolTaskExecutor - Initializing ExecutorService 'applicationTaskExecutor'
[INFO ] 2021-05-24 13:26:31.395 [restartedMain] Http11NioProtocol - Starting ProtocolHandler ["http-nio-8085"]
[INFO ] 2021-05-24 13:26:31.737 [restartedMain] TomcatWebServer - Tomcat started on port(s): 8085 (http) with context path ''
[INFO ] 2021-05-24 13:26:31.753 [restartedMain] CampApiApplication - Started CampApiApplication in 10.703 seconds (JVM running for 16.847)
[INFO ] 2021-05-24 13:26:38.850 [http-nio-8085-exec-1] [/] - Initializing Spring DispatcherServlet 'dispatcherServlet'
[INFO ] 2021-05-24 13:26:38.850 [http-nio-8085-exec-1] DispatcherServlet - Initializing Servlet 'dispatcherServlet'
[INFO ] 2021-05-24 13:26:38.852 [http-nio-8085-exec-1] DispatcherServlet - Completed initialization in 2 ms
[WARN ] 2021-05-24 13:26:58.413 [http-nio-8085-exec-4] SqlExceptionHelper - SQL Error: 1062, SQLState: 23000
[ERROR] 2021-05-24 13:26:58.707 [http-nio-8085-exec-4] SqlExceptionHelper - Duplicate entry '' for key 'child_place_entity.UK_clvb6dtj15o2derp5qkqfxdoy'
[WARN ] 2021-05-24 13:26:59.025 [http-nio-8085-exec-4] ExceptionHandlerExceptionResolver - Resolved [org.springframework.dao.DataIntegrityViolationException: could not execute statement; SQL [n/a]; constraint [child_place_entity.UK_clvb6dtj15o2derp5qkqfxdoy]; nested exception is org.hibernate.exception.ConstraintViolationException: could not execute statement]
[ERROR] 2021-05-24 13:28:03.693 [http-nio-8085-exec-5] [dispatcherServlet] - Servlet.service() for servlet [dispatcherServlet] in context with path [] threw exception
com.auth0.jwt.exceptions.JWTDecodeException: The token was expected to have 3 parts, but got 1.
	at com.auth0.jwt.TokenUtils.splitToken(TokenUtils.java:21) ~[java-jwt-3.7.0.jar:?]
	at com.auth0.jwt.JWTDecoder.<init>(JWTDecoder.java:31) ~[java-jwt-3.7.0.jar:?]
	at com.auth0.jwt.JWTDecoder.<init>(JWTDecoder.java:27) ~[java-jwt-3.7.0.jar:?]
	at com.auth0.jwt.JWT.decode(JWT.java:45) ~[java-jwt-3.7.0.jar:?]
	at com.camp.campApi.security.JwtAuthorization.doFilterInternal(JwtAuthorization.java:60) ~[classes/:?]
	at org.springframework.web.filter.OncePerRequestFilter.doFilter(OncePerRequestFilter.java:119) ~[spring-web-5.3.3.jar:5.3.3]
	at org.springframework.security.web.FilterChainProxy$VirtualFilterChain.doFilter(FilterChainProxy.java:336) ~[spring-security-web-5.4.2.jar:5.4.2]
	at org.springframework.security.web.authentication.logout.LogoutFilter.doFilter(LogoutFilter.java:103) ~[spring-security-web-5.4.2.jar:5.4.2]
	at org.springframework.security.web.authentication.logout.LogoutFilter.doFilter(LogoutFilter.java:89) ~[spring-security-web-5.4.2.jar:5.4.2]
	at org.springframework.security.web.FilterChainProxy$VirtualFilterChain.doFilter(FilterChainProxy.java:336) ~[spring-security-web-5.4.2.jar:5.4.2]
	at org.springframework.security.web.header.HeaderWriterFilter.doHeadersAfter(HeaderWriterFilter.java:90) ~[spring-security-web-5.4.2.jar:5.4.2]
	at org.springframework.security.web.header.HeaderWriterFilter.doFilterInternal(HeaderWriterFilter.java:75) ~[spring-security-web-5.4.2.jar:5.4.2]
	at org.springframework.web.filter.OncePerRequestFilter.doFilter(OncePerRequestFilter.java:119) ~[spring-web-5.3.3.jar:5.3.3]
	at org.springframework.security.web.FilterChainProxy$VirtualFilterChain.doFilter(FilterChainProxy.java:336) ~[spring-security-web-5.4.2.jar:5.4.2]
	at org.springframework.security.web.context.SecurityContextPersistenceFilter.doFilter(SecurityContextPersistenceFilter.java:110) ~[spring-security-web-5.4.2.jar:5.4.2]
	at org.springframework.security.web.context.SecurityContextPersistenceFilter.doFilter(SecurityContextPersistenceFilter.java:80) ~[spring-security-web-5.4.2.jar:5.4.2]
	at org.springframework.security.web.FilterChainProxy$VirtualFilterChain.doFilter(FilterChainProxy.java:336) ~[spring-security-web-5.4.2.jar:5.4.2]
	at org.springframework.security.web.context.request.async.WebAsyncManagerIntegrationFilter.doFilterInternal(WebAsyncManagerIntegrationFilter.java:55) ~[spring-security-web-5.4.2.jar:5.4.2]
	at org.springframework.web.filter.OncePerRequestFilter.doFilter(OncePerRequestFilter.java:119) ~[spring-web-5.3.3.jar:5.3.3]
	at org.springframework.security.web.FilterChainProxy$VirtualFilterChain.doFilter(FilterChainProxy.java:336) ~[spring-security-web-5.4.2.jar:5.4.2]
	at org.springframework.security.web.FilterChainProxy.doFilterInternal(FilterChainProxy.java:211) ~[spring-security-web-5.4.2.jar:5.4.2]
	at org.springframework.security.web.FilterChainProxy.doFilter(FilterChainProxy.java:183) ~[spring-security-web-5.4.2.jar:5.4.2]
	at org.springframework.web.filter.DelegatingFilterProxy.invokeDelegate(DelegatingFilterProxy.java:358) ~[spring-web-5.3.3.jar:5.3.3]
	at org.springframework.web.filter.DelegatingFilterProxy.doFilter(DelegatingFilterProxy.java:271) ~[spring-web-5.3.3.jar:5.3.3]
	at org.apache.catalina.core.ApplicationFilterChain.internalDoFilter(ApplicationFilterChain.java:193) ~[tomcat-embed-core-9.0.41.jar:9.0.41]
	at org.apache.catalina.core.ApplicationFilterChain.doFilter(ApplicationFilterChain.java:166) ~[tomcat-embed-core-9.0.41.jar:9.0.41]
	at org.springframework.web.filter.RequestContextFilter.doFilterInternal(RequestContextFilter.java:100) ~[spring-web-5.3.3.jar:5.3.3]
	at org.springframework.web.filter.OncePerRequestFilter.doFilter(OncePerRequestFilter.java:119) ~[spring-web-5.3.3.jar:5.3.3]
	at org.apache.catalina.core.ApplicationFilterChain.internalDoFilter(ApplicationFilterChain.java:193) ~[tomcat-embed-core-9.0.41.jar:9.0.41]
	at org.apache.catalina.core.ApplicationFilterChain.doFilter(ApplicationFilterChain.java:166) ~[tomcat-embed-core-9.0.41.jar:9.0.41]
	at org.springframework.web.filter.FormContentFilter.doFilterInternal(FormContentFilter.java:93) ~[spring-web-5.3.3.jar:5.3.3]
	at org.springframework.web.filter.OncePerRequestFilter.doFilter(OncePerRequestFilter.java:119) ~[spring-web-5.3.3.jar:5.3.3]
	at org.apache.catalina.core.ApplicationFilterChain.internalDoFilter(ApplicationFilterChain.java:193) ~[tomcat-embed-core-9.0.41.jar:9.0.41]
	at org.apache.catalina.core.ApplicationFilterChain.doFilter(ApplicationFilterChain.java:166) ~[tomcat-embed-core-9.0.41.jar:9.0.41]
	at org.springframework.web.filter.CharacterEncodingFilter.doFilterInternal(CharacterEncodingFilter.java:201) ~[spring-web-5.3.3.jar:5.3.3]
	at org.springframework.web.filter.OncePerRequestFilter.doFilter(OncePerRequestFilter.java:119) ~[spring-web-5.3.3.jar:5.3.3]
	at org.apache.catalina.core.ApplicationFilterChain.internalDoFilter(ApplicationFilterChain.java:193) ~[tomcat-embed-core-9.0.41.jar:9.0.41]
	at org.apache.catalina.core.ApplicationFilterChain.doFilter(ApplicationFilterChain.java:166) ~[tomcat-embed-core-9.0.41.jar:9.0.41]
	at org.apache.catalina.core.StandardWrapperValve.invoke(StandardWrapperValve.java:202) [tomcat-embed-core-9.0.41.jar:9.0.41]
	at org.apache.catalina.core.StandardContextValve.invoke(StandardContextValve.java:97) [tomcat-embed-core-9.0.41.jar:9.0.41]
	at org.apache.catalina.authenticator.AuthenticatorBase.invoke(AuthenticatorBase.java:542) [tomcat-embed-core-9.0.41.jar:9.0.41]
	at org.apache.catalina.core.StandardHostValve.invoke(StandardHostValve.java:143) [tomcat-embed-core-9.0.41.jar:9.0.41]
	at org.apache.catalina.valves.ErrorReportValve.invoke(ErrorReportValve.java:92) [tomcat-embed-core-9.0.41.jar:9.0.41]
	at org.apache.catalina.core.StandardEngineValve.invoke(StandardEngineValve.java:78) [tomcat-embed-core-9.0.41.jar:9.0.41]
	at org.apache.catalina.connector.CoyoteAdapter.service(CoyoteAdapter.java:343) [tomcat-embed-core-9.0.41.jar:9.0.41]
	at org.apache.coyote.http11.Http11Processor.service(Http11Processor.java:374) [tomcat-embed-core-9.0.41.jar:9.0.41]
	at org.apache.coyote.AbstractProcessorLight.process(AbstractProcessorLight.java:65) [tomcat-embed-core-9.0.41.jar:9.0.41]
	at org.apache.coyote.AbstractProtocol$ConnectionHandler.process(AbstractProtocol.java:888) [tomcat-embed-core-9.0.41.jar:9.0.41]
	at org.apache.tomcat.util.net.NioEndpoint$SocketProcessor.doRun(NioEndpoint.java:1597) [tomcat-embed-core-9.0.41.jar:9.0.41]
	at org.apache.tomcat.util.net.SocketProcessorBase.run(SocketProcessorBase.java:49) [tomcat-embed-core-9.0.41.jar:9.0.41]
	at java.util.concurrent.ThreadPoolExecutor.runWorker(ThreadPoolExecutor.java:1128) [?:?]
	at java.util.concurrent.ThreadPoolExecutor$Worker.run(ThreadPoolExecutor.java:628) [?:?]
	at org.apache.tomcat.util.threads.TaskThread$WrappingRunnable.run(TaskThread.java:61) [tomcat-embed-core-9.0.41.jar:9.0.41]
	at java.lang.Thread.run(Thread.java:835) [?:?]
[ERROR] 2021-05-24 13:28:03.939 [http-nio-8085-exec-5] JwtAuthEntryPoint - Unauthorized error. Message - Full authentication is required to access this resource
[WARN ] 2021-05-24 13:28:26.392 [http-nio-8085-exec-8] SqlExceptionHelper - SQL Error: 1062, SQLState: 23000
[ERROR] 2021-05-24 13:28:26.520 [http-nio-8085-exec-8] SqlExceptionHelper - Duplicate entry '' for key 'child_place_entity.UK_clvb6dtj15o2derp5qkqfxdoy'
[WARN ] 2021-05-24 13:28:26.746 [http-nio-8085-exec-8] ExceptionHandlerExceptionResolver - Resolved [org.springframework.dao.DataIntegrityViolationException: could not execute statement; SQL [n/a]; constraint [child_place_entity.UK_clvb6dtj15o2derp5qkqfxdoy]; nested exception is org.hibernate.exception.ConstraintViolationException: could not execute statement]
[INFO ] 2021-05-24 13:29:29.121 [main] CampApiApplication - Hello this is an info message
[ERROR] 2021-05-24 13:29:29.129 [main] CampApiApplication - Error Message Logged !!!
java.lang.NullPointerException: NullError
	at com.camp.campApi.CampApiApplication.main(CampApiApplication.java:21) [classes/:?]
[INFO ] 2021-05-24 13:29:30.943 [restartedMain] CampApiApplication - Hello this is an info message
[ERROR] 2021-05-24 13:29:30.943 [restartedMain] CampApiApplication - Error Message Logged !!!
java.lang.NullPointerException: NullError
	at com.camp.campApi.CampApiApplication.main(CampApiApplication.java:21) [classes/:?]
	at jdk.internal.reflect.NativeMethodAccessorImpl.invoke0(Native Method) ~[?:?]
	at jdk.internal.reflect.NativeMethodAccessorImpl.invoke(NativeMethodAccessorImpl.java:62) ~[?:?]
	at jdk.internal.reflect.DelegatingMethodAccessorImpl.invoke(DelegatingMethodAccessorImpl.java:43) ~[?:?]
	at java.lang.reflect.Method.invoke(Method.java:567) ~[?:?]
	at org.springframework.boot.devtools.restart.RestartLauncher.run(RestartLauncher.java:49) [spring-boot-devtools-2.4.2.jar:2.4.2]
[INFO ] 2021-05-24 13:29:31.596 [background-preinit] Version - HV000001: Hibernate Validator 6.1.7.Final
[INFO ] 2021-05-24 13:29:31.632 [restartedMain] CampApiApplication - Starting CampApiApplication using Java 12.0.1 on network4 with PID 12188 (J:\jav\campApi\target\classes started by m.bandpey in J:\jav\campApi)
[INFO ] 2021-05-24 13:29:31.636 [restartedMain] CampApiApplication - No active profile set, falling back to default profiles: default
[INFO ] 2021-05-24 13:29:31.704 [restartedMain] DevToolsPropertyDefaultsPostProcessor - Devtools property defaults active! Set 'spring.devtools.add-properties' to 'false' to disable
[INFO ] 2021-05-24 13:29:31.704 [restartedMain] DevToolsPropertyDefaultsPostProcessor - For additional web related logging consider setting the 'logging.level.web' property to 'DEBUG'
[INFO ] 2021-05-24 13:29:32.920 [restartedMain] RepositoryConfigurationDelegate - Multiple Spring Data modules found, entering strict repository configuration mode!
[INFO ] 2021-05-24 13:29:32.921 [restartedMain] RepositoryConfigurationDelegate - Bootstrapping Spring Data JDBC repositories in DEFAULT mode.
[INFO ] 2021-05-24 13:29:32.996 [restartedMain] RepositoryConfigurationExtensionSupport - Spring Data JDBC - Could not safely identify store assignment for repository candidate interface com.camp.campApi.modules.places.repository.ChildPlaceRepo. If you want this repository to be a JDBC repository, consider annotating your entities with one of these annotations: org.springframework.data.relational.core.mapping.Table.
[INFO ] 2021-05-24 13:29:33.008 [restartedMain] RepositoryConfigurationExtensionSupport - Spring Data JDBC - Could not safely identify store assignment for repository candidate interface com.camp.campApi.modules.places.repository.PlaceRepo. If you want this repository to be a JDBC repository, consider annotating your entities with one of these annotations: org.springframework.data.relational.core.mapping.Table.
[INFO ] 2021-05-24 13:29:33.013 [restartedMain] RepositoryConfigurationExtensionSupport - Spring Data JDBC - Could not safely identify store assignment for repository candidate interface com.camp.campApi.modules.users.repository.RoleRepo. If you want this repository to be a JDBC repository, consider annotating your entities with one of these annotations: org.springframework.data.relational.core.mapping.Table.
[INFO ] 2021-05-24 13:29:33.031 [restartedMain] RepositoryConfigurationExtensionSupport - Spring Data JDBC - Could not safely identify store assignment for repository candidate interface com.camp.campApi.modules.users.repository.UserRepo. If you want this repository to be a JDBC repository, consider annotating your entities with one of these annotations: org.springframework.data.relational.core.mapping.Table.
[INFO ] 2021-05-24 13:29:33.032 [restartedMain] RepositoryConfigurationDelegate - Finished Spring Data repository scanning in 105 ms. Found 0 JDBC repository interfaces.
[INFO ] 2021-05-24 13:29:33.047 [restartedMain] RepositoryConfigurationDelegate - Multiple Spring Data modules found, entering strict repository configuration mode!
[INFO ] 2021-05-24 13:29:33.047 [restartedMain] RepositoryConfigurationDelegate - Bootstrapping Spring Data JPA repositories in DEFAULT mode.
[INFO ] 2021-05-24 13:29:33.163 [restartedMain] RepositoryConfigurationDelegate - Finished Spring Data repository scanning in 110 ms. Found 4 JPA repository interfaces.
[INFO ] 2021-05-24 13:29:33.792 [restartedMain] PostProcessorRegistrationDelegate$BeanPostProcessorChecker - Bean 'org.springframework.security.access.expression.method.DefaultMethodSecurityExpressionHandler@1c7cc76d' of type [org.springframework.security.access.expression.method.DefaultMethodSecurityExpressionHandler] is not eligible for getting processed by all BeanPostProcessors (for example: not eligible for auto-proxying)
[INFO ] 2021-05-24 13:29:33.800 [restartedMain] PostProcessorRegistrationDelegate$BeanPostProcessorChecker - Bean 'methodSecurityMetadataSource' of type [org.springframework.security.access.method.DelegatingMethodSecurityMetadataSource] is not eligible for getting processed by all BeanPostProcessors (for example: not eligible for auto-proxying)
[INFO ] 2021-05-24 13:29:34.741 [restartedMain] TomcatWebServer - Tomcat initialized with port(s): 8085 (http)
[INFO ] 2021-05-24 13:29:34.756 [restartedMain] Http11NioProtocol - Initializing ProtocolHandler ["http-nio-8085"]
[INFO ] 2021-05-24 13:29:34.757 [restartedMain] StandardService - Starting service [Tomcat]
[INFO ] 2021-05-24 13:29:34.758 [restartedMain] StandardEngine - Starting Servlet engine: [Apache Tomcat/9.0.41]
[INFO ] 2021-05-24 13:29:35.442 [restartedMain] [/] - Initializing Spring embedded WebApplicationContext
[INFO ] 2021-05-24 13:29:35.442 [restartedMain] ServletWebServerApplicationContext - Root WebApplicationContext: initialization completed in 3738 ms
[INFO ] 2021-05-24 13:29:35.723 [restartedMain] LogHelper - HHH000204: Processing PersistenceUnitInfo [name: default]
[INFO ] 2021-05-24 13:29:35.815 [restartedMain] Version - HHH000412: Hibernate ORM core version 5.4.27.Final
[INFO ] 2021-05-24 13:29:36.025 [restartedMain] Version - HCANN000001: Hibernate Commons Annotations {5.1.2.Final}
[INFO ] 2021-05-24 13:29:36.201 [restartedMain] HikariDataSource - HikariPool-1 - Starting...
[INFO ] 2021-05-24 13:29:36.421 [restartedMain] HikariDataSource - HikariPool-1 - Start completed.
[INFO ] 2021-05-24 13:29:36.439 [restartedMain] Dialect - HHH000400: Using dialect: org.hibernate.dialect.MySQL8Dialect
[INFO ] 2021-05-24 13:29:38.224 [restartedMain] JtaPlatformInitiator - HHH000490: Using JtaPlatform implementation: [org.hibernate.engine.transaction.jta.platform.internal.NoJtaPlatform]
[INFO ] 2021-05-24 13:29:38.237 [restartedMain] LocalContainerEntityManagerFactoryBean - Initialized JPA EntityManagerFactory for persistence unit 'default'
[INFO ] 2021-05-24 13:29:38.311 [restartedMain] OptionalLiveReloadServer - LiveReload server is running on port 35729
[WARN ] 2021-05-24 13:29:39.501 [restartedMain] JpaBaseConfiguration$JpaWebConfiguration - spring.jpa.open-in-view is enabled by default. Therefore, database queries may be performed during view rendering. Explicitly configure spring.jpa.open-in-view to disable this warning
[INFO ] 2021-05-24 13:29:40.353 [restartedMain] DefaultSecurityFilterChain - Will secure any request with [org.springframework.security.web.context.request.async.WebAsyncManagerIntegrationFilter@4c752af9, org.springframework.security.web.context.SecurityContextPersistenceFilter@11806200, org.springframework.security.web.header.HeaderWriterFilter@5dc924e, org.springframework.security.web.authentication.logout.LogoutFilter@fefe36b, com.camp.campApi.security.JwtAuthorization@218ecd73, com.camp.campApi.security.JwtAuthentication@2e906018, org.springframework.security.web.savedrequest.RequestCacheAwareFilter@35df9398, org.springframework.security.web.servletapi.SecurityContextHolderAwareRequestFilter@ba623d5, org.springframework.security.web.authentication.AnonymousAuthenticationFilter@b4e6bd0, org.springframework.security.web.session.SessionManagementFilter@5073ff2b, org.springframework.security.web.access.ExceptionTranslationFilter@49cd1f4e, org.springframework.security.web.access.intercept.FilterSecurityInterceptor@4f94438f]
[INFO ] 2021-05-24 13:29:40.523 [restartedMain] ThreadPoolTaskExecutor - Initializing ExecutorService 'applicationTaskExecutor'
[INFO ] 2021-05-24 13:29:41.216 [restartedMain] Http11NioProtocol - Starting ProtocolHandler ["http-nio-8085"]
[INFO ] 2021-05-24 13:29:41.528 [restartedMain] TomcatWebServer - Tomcat started on port(s): 8085 (http) with context path ''
[INFO ] 2021-05-24 13:29:41.546 [restartedMain] CampApiApplication - Started CampApiApplication in 10.491 seconds (JVM running for 16.178)
[INFO ] 2021-05-24 13:30:22.320 [http-nio-8085-exec-1] [/] - Initializing Spring DispatcherServlet 'dispatcherServlet'
[INFO ] 2021-05-24 13:30:22.321 [http-nio-8085-exec-1] DispatcherServlet - Initializing Servlet 'dispatcherServlet'
[INFO ] 2021-05-24 13:30:22.323 [http-nio-8085-exec-1] DispatcherServlet - Completed initialization in 2 ms
[WARN ] 2021-05-24 13:30:39.238 [http-nio-8085-exec-5] SqlExceptionHelper - SQL Error: 1062, SQLState: 23000
[ERROR] 2021-05-24 13:30:39.422 [http-nio-8085-exec-5] SqlExceptionHelper - Duplicate entry '' for key 'child_place_entity.UK_clvb6dtj15o2derp5qkqfxdoy'
[WARN ] 2021-05-24 13:30:39.812 [http-nio-8085-exec-5] ExceptionHandlerExceptionResolver - Resolved [org.springframework.dao.DataIntegrityViolationException: could not execute statement; SQL [n/a]; constraint [child_place_entity.UK_clvb6dtj15o2derp5qkqfxdoy]; nested exception is org.hibernate.exception.ConstraintViolationException: could not execute statement]
[WARN ] 2021-05-24 13:32:13.824 [http-nio-8085-exec-3] SqlExceptionHelper - SQL Error: 1062, SQLState: 23000
[ERROR] 2021-05-24 13:32:13.929 [http-nio-8085-exec-3] SqlExceptionHelper - Duplicate entry '' for key 'child_place_entity.UK_clvb6dtj15o2derp5qkqfxdoy'
[WARN ] 2021-05-24 13:32:14.143 [http-nio-8085-exec-3] ExceptionHandlerExceptionResolver - Resolved [org.springframework.dao.DataIntegrityViolationException: could not execute statement; SQL [n/a]; constraint [child_place_entity.UK_clvb6dtj15o2derp5qkqfxdoy]; nested exception is org.hibernate.exception.ConstraintViolationException: could not execute statement]
[WARN ] 2021-05-24 13:51:22.359 [http-nio-8085-exec-7] SqlExceptionHelper - SQL Error: 1062, SQLState: 23000
[ERROR] 2021-05-24 13:51:22.463 [http-nio-8085-exec-7] SqlExceptionHelper - Duplicate entry '' for key 'child_place_entity.UK_clvb6dtj15o2derp5qkqfxdoy'
[WARN ] 2021-05-24 13:51:22.701 [http-nio-8085-exec-7] ExceptionHandlerExceptionResolver - Resolved [org.springframework.dao.DataIntegrityViolationException: could not execute statement; SQL [n/a]; constraint [child_place_entity.UK_clvb6dtj15o2derp5qkqfxdoy]; nested exception is org.hibernate.exception.ConstraintViolationException: could not execute statement]
[WARN ] 2021-05-24 13:53:17.954 [http-nio-8085-exec-2] SqlExceptionHelper - SQL Error: 1062, SQLState: 23000
[ERROR] 2021-05-24 13:53:18.100 [http-nio-8085-exec-2] SqlExceptionHelper - Duplicate entry '' for key 'child_place_entity.UK_clvb6dtj15o2derp5qkqfxdoy'
[WARN ] 2021-05-24 13:53:18.294 [http-nio-8085-exec-2] ExceptionHandlerExceptionResolver - Resolved [org.springframework.dao.DataIntegrityViolationException: could not execute statement; SQL [n/a]; constraint [child_place_entity.UK_clvb6dtj15o2derp5qkqfxdoy]; nested exception is org.hibernate.exception.ConstraintViolationException: could not execute statement]
[WARN ] 2021-05-24 13:56:34.196 [http-nio-8085-exec-6] SqlExceptionHelper - SQL Error: 1062, SQLState: 23000
[ERROR] 2021-05-24 13:56:34.383 [http-nio-8085-exec-6] SqlExceptionHelper - Duplicate entry '' for key 'child_place_entity.UK_clvb6dtj15o2derp5qkqfxdoy'
[WARN ] 2021-05-24 13:56:34.592 [http-nio-8085-exec-6] ExceptionHandlerExceptionResolver - Resolved [org.springframework.dao.DataIntegrityViolationException: could not execute statement; SQL [n/a]; constraint [child_place_entity.UK_clvb6dtj15o2derp5qkqfxdoy]; nested exception is org.hibernate.exception.ConstraintViolationException: could not execute statement]
[WARN ] 2021-05-24 13:57:34.852 [http-nio-8085-exec-10] SqlExceptionHelper - SQL Error: 1062, SQLState: 23000
[ERROR] 2021-05-24 13:57:34.989 [http-nio-8085-exec-10] SqlExceptionHelper - Duplicate entry '' for key 'child_place_entity.UK_clvb6dtj15o2derp5qkqfxdoy'
[WARN ] 2021-05-24 13:57:35.202 [http-nio-8085-exec-10] ExceptionHandlerExceptionResolver - Resolved [org.springframework.dao.DataIntegrityViolationException: could not execute statement; SQL [n/a]; constraint [child_place_entity.UK_clvb6dtj15o2derp5qkqfxdoy]; nested exception is org.hibernate.exception.ConstraintViolationException: could not execute statement]
[WARN ] 2021-05-24 14:01:42.816 [http-nio-8085-exec-4] SqlExceptionHelper - SQL Error: 1062, SQLState: 23000
[ERROR] 2021-05-24 14:01:42.944 [http-nio-8085-exec-4] SqlExceptionHelper - Duplicate entry '' for key 'child_place_entity.UK_clvb6dtj15o2derp5qkqfxdoy'
[WARN ] 2021-05-24 14:01:43.145 [http-nio-8085-exec-4] ExceptionHandlerExceptionResolver - Resolved [org.springframework.dao.DataIntegrityViolationException: could not execute statement; SQL [n/a]; constraint [child_place_entity.UK_clvb6dtj15o2derp5qkqfxdoy]; nested exception is org.hibernate.exception.ConstraintViolationException: could not execute statement]
[WARN ] 2021-05-24 14:16:36.979 [http-nio-8085-exec-1] SqlExceptionHelper - SQL Error: 1062, SQLState: 23000
[ERROR] 2021-05-24 14:16:37.072 [http-nio-8085-exec-1] SqlExceptionHelper - Duplicate entry '' for key 'child_place_entity.UK_clvb6dtj15o2derp5qkqfxdoy'
[WARN ] 2021-05-24 14:16:37.289 [http-nio-8085-exec-1] ExceptionHandlerExceptionResolver - Resolved [org.springframework.dao.DataIntegrityViolationException: could not execute statement; SQL [n/a]; constraint [child_place_entity.UK_clvb6dtj15o2derp5qkqfxdoy]; nested exception is org.hibernate.exception.ConstraintViolationException: could not execute statement]
